app/mapping.txt
# compiler: R8
# compiler_version: 3.3.70
# min_api: 16
# common_typos_disable
# {"id":"com.android.tools.r8.mapping","version":"2.0"}
# pg_map_id: e0e9396
# pg_map_hash: SHA-256 e0e939620719c9d3bd3d1cd8036f349ec8e9bf02aa824532b174e44a822d378d
br.com.carlosrafaelgn.fplay.ActivityAbout -> b:
    int pid -> l
    br.com.carlosrafaelgn.fplay.ui.ObservableScrollView list -> h
    android.widget.LinearLayout panelSecondary -> i
    br.com.carlosrafaelgn.fplay.ui.BgButton btnGoBack -> j
    android.widget.TextView lblUsage -> k
    long lastTime -> n
    long _SC_CLK_TCK -> m
    long lastTickCount -> o
    0:65535:void <init>():58:58 -> <init>
    0:65535:java.lang.CharSequence getTitle():68:68 -> C
    2:3:void onCleanupLayout():225:225 -> F
    4:5:void onCleanupLayout():226:226 -> F
    6:7:void onCleanupLayout():227:227 -> F
    8:10:void onCleanupLayout():228:228 -> F
    3:8:void onCreateLayout(boolean):74:74 -> H
    9:16:void onCreateLayout(boolean):75:75 -> H
    17:19:void onCreateLayout(boolean):76:76 -> H
    20:29:void onCreateLayout(boolean):77:77 -> H
    30:38:void onCreateLayout(boolean):78:78 -> H
    39:41:void onCreateLayout(boolean):79:79 -> H
    42:48:void br.com.carlosrafaelgn.fplay.ui.UI.headingTextAndColor(android.widget.TextView):2109:2109 -> H
    42:48:void onCreateLayout(boolean):80 -> H
    49:53:void br.com.carlosrafaelgn.fplay.ui.UI.headingTextAndColor(android.widget.TextView):2110:2110 -> H
    49:53:void onCreateLayout(boolean):80 -> H
    54:61:void br.com.carlosrafaelgn.fplay.ui.UI.headingTextAndColor(android.widget.TextView):2111:2111 -> H
    54:61:void onCreateLayout(boolean):80 -> H
    62:67:void onCreateLayout(boolean):81:81 -> H
br.com.carlosrafaelgn.fplay.ActivityBrowser2 -> c:
    br.com.carlosrafaelgn.fplay.ui.BgButton btnHome -> v
    br.com.carlosrafaelgn.fplay.ui.BgButton chkFavorite -> t
    br.com.carlosrafaelgn.fplay.ui.BgButton btnGoBack -> r
    br.com.carlosrafaelgn.fplay.ui.FastAnimator animatorFadeOut -> I
    java.lang.String animTo -> M
    br.com.carlosrafaelgn.fplay.list.FileList fileList -> n
    java.lang.String lastAccessCode -> O
    android.widget.RelativeLayout panelSecondary -> o
    br.com.carlosrafaelgn.fplay.ui.BgButton btnPlay -> z
    android.widget.EditText txtTitle -> q
    br.com.carlosrafaelgn.fplay.ui.BgButton btnGoBackToPlayer -> x
    int checkedCount -> A
    java.lang.CharSequence msgLoading -> K
    boolean isCreatingLayout -> E
    br.com.carlosrafaelgn.fplay.ui.BgListView list -> m
    boolean animUpdateListLayout -> G
    android.widget.TextView sep -> j
    boolean isAtHome -> C
    br.com.carlosrafaelgn.fplay.list.FileSt lastClickedFavorite -> h
    android.widget.TextView lblLoading -> l
    br.com.carlosrafaelgn.fplay.ui.BgButton chkAlbumArt -> u
    br.com.carlosrafaelgn.fplay.ui.BgButton btnURL -> s
    br.com.carlosrafaelgn.fplay.ui.FastAnimator animator -> H
    java.lang.String pendingTo -> L
    java.lang.String animFrom -> N
    br.com.carlosrafaelgn.fplay.ui.BgButton btnAdd -> y
    android.widget.EditText txtURL -> p
    java.lang.CharSequence msgEmptyList -> J
    br.com.carlosrafaelgn.fplay.ui.BgButton chkAll -> w
...
android.media.MediaMetadataEditor -> android.media.MediaMetadataEditor:
# {"id":"com.android.tools.r8.synthesized"}
    void <clinit>() -> <clinit>
      # {"id":"com.android.tools.r8.synthesized"}
android.media.RemoteControlClient$OnGetPlaybackPositionListener -> android.media.RemoteControlClient$OnGetPlaybackPositionListener:
# {"id":"com.android.tools.r8.synthesized"}
    void <clinit>() -> <clinit>
      # {"id":"com.android.tools.r8.synthesized"}
android.media.RemoteControlClient$OnPlaybackPositionUpdateListener -> android.media.RemoteControlClient$OnPlaybackPositionUpdateListener:
# {"id":"com.android.tools.r8.synthesized"}
    void <clinit>() -> <clinit>
      # {"id":"com.android.tools.r8.synthesized"}
android.media.VolumeAutomation -> android.media.VolumeAutomation:
# {"id":"com.android.tools.r8.synthesized"}
    void <clinit>() -> <clinit>
      # {"id":"com.android.tools.r8.synthesized"}
android.media.session.MediaSession -> android.media.session.MediaSession:
# {"id":"com.android.tools.r8.synthesized"}
    void <clinit>() -> <clinit>
      # {"id":"com.android.tools.r8.synthesized"}
    void <init>(android.content.Context,java.lang.String) -> <init>
      # {"id":"com.android.tools.r8.synthesized"}
    android.media.session.MediaSession$Token getSessionToken() -> getSessionToken
      # {"id":"com.android.tools.r8.synthesized"}
    void release() -> release
      # {"id":"com.android.tools.r8.synthesized"}
    void setActive(boolean) -> setActive
      # {"id":"com.android.tools.r8.synthesized"}
    void setCallback(android.media.session.MediaSession$Callback) -> setCallback
      # {"id":"com.android.tools.r8.synthesized"}
    void setFlags(int) -> setFlags
      # {"id":"com.android.tools.r8.synthesized"}
    void setMetadata(android.media.MediaMetadata) -> setMetadata
      # {"id":"com.android.tools.r8.synthesized"}
    void setPlaybackState(android.media.session.PlaybackState) -> setPlaybackState
      # {"id":"com.android.tools.r8.synthesized"}
    void setSessionActivity(android.app.PendingIntent) -> setSessionActivity
      # {"id":"com.android.tools.r8.synthesized"}
android.media.session.MediaSession$Callback -> android.media.session.MediaSession$Callback:
# {"id":"com.android.tools.r8.synthesized"}
    void <clinit>() -> <clinit>
      # {"id":"com.android.tools.r8.synthesized"}
    void <init>() -> <init>
      # {"id":"com.android.tools.r8.synthesized"}
android.media.session.PlaybackState$Builder -> android.media.session.PlaybackState$Builder:
# {"id":"com.android.tools.r8.synthesized"}
    void <clinit>() -> <clinit>
      # {"id":"com.android.tools.r8.synthesized"}
    void <init>() -> <init>
      # {"id":"com.android.tools.r8.synthesized"}
    android.media.session.PlaybackState build() -> build
      # {"id":"com.android.tools.r8.synthesized"}
    android.media.session.PlaybackState$Builder setActions(long) -> setActions
      # {"id":"com.android.tools.r8.synthesized"}
    android.media.session.PlaybackState$Builder setState(int,long,float,long) -> setState
      # {"id":"com.android.tools.r8.synthesized"}
android.net.TransportInfo -> android.net.TransportInfo:
# {"id":"com.android.tools.r8.synthesized"}
    void <clinit>() -> <clinit>
      # {"id":"com.android.tools.r8.synthesized"}
android.os.BaseBundle -> android.os.BaseBundle:
# {"id":"com.android.tools.r8.synthesized"}
    void <clinit>() -> <clinit>
      # {"id":"com.android.tools.r8.synthesized"}
android.system.Os -> android.system.Os:
# {"id":"com.android.tools.r8.synthesized"}
    void <clinit>() -> <clinit>
      # {"id":"com.android.tools.r8.synthesized"}
    long sysconf(int) -> sysconf
      # {"id":"com.android.tools.r8.synthesized"}